2018-11-16 09:24:48 [scrapy.utils.log] INFO: Scrapy 1.5.0 started (bot: Wenshu)
2018-11-16 09:24:48 [scrapy.utils.log] INFO: Versions: lxml 4.2.5.0, libxml2 2.9.5, cssselect 1.0.3, parsel 1.5.1, w3lib 1.19.0, Twisted 18.9.0, Python 3.6.0 (v3.6.0:41df79263a11, Dec 23 2016, 08:06:12) [MSC v.1900 64 bit (AMD64)], pyOpenSSL 18.0.0 (OpenSSL 1.1.0i  14 Aug 2018), cryptography 2.4.1, Platform Windows-10-10.0.17134-SP0
2018-11-16 09:24:48 [scrapy.crawler] INFO: Overridden settings: {'BOT_NAME': 'Wenshu', 'CONCURRENT_REQUESTS_PER_DOMAIN': 1000000, 'COOKIES_ENABLED': False, 'DOWNLOAD_TIMEOUT': 8, 'LOG_FILE': 'Wenshu_20181116.log', 'LOG_LEVEL': 'INFO', 'NEWSPIDER_MODULE': 'Wenshu.spiders', 'REDIRECT_ENABLED': False, 'RETRY_TIMES': 3, 'SPIDER_MODULES': ['Wenshu.spiders']}
2018-11-16 09:24:48 [scrapy.middleware] INFO: Enabled extensions:
['scrapy.extensions.corestats.CoreStats',
 'scrapy.extensions.telnet.TelnetConsole',
 'scrapy.extensions.logstats.LogStats']
2018-11-16 09:24:49 [scrapy.middleware] INFO: Enabled downloader middlewares:
['Wenshu.middlewares.RandomUserAgentMiddleware',
 'scrapy.downloadermiddlewares.retry.RetryMiddleware',
 'scrapy.downloadermiddlewares.httpauth.HttpAuthMiddleware',
 'Wenshu.middlewares.ProxyMiddleware',
 'scrapy.downloadermiddlewares.downloadtimeout.DownloadTimeoutMiddleware',
 'scrapy.downloadermiddlewares.defaultheaders.DefaultHeadersMiddleware',
 'scrapy.downloadermiddlewares.useragent.UserAgentMiddleware',
 'scrapy.downloadermiddlewares.redirect.MetaRefreshMiddleware',
 'scrapy.downloadermiddlewares.httpcompression.HttpCompressionMiddleware',
 'scrapy.downloadermiddlewares.httpproxy.HttpProxyMiddleware',
 'scrapy.downloadermiddlewares.stats.DownloaderStats']
2018-11-16 09:24:49 [scrapy.middleware] INFO: Enabled spider middlewares:
['scrapy.spidermiddlewares.httperror.HttpErrorMiddleware',
 'scrapy.spidermiddlewares.offsite.OffsiteMiddleware',
 'scrapy.spidermiddlewares.referer.RefererMiddleware',
 'scrapy.spidermiddlewares.urllength.UrlLengthMiddleware',
 'scrapy.spidermiddlewares.depth.DepthMiddleware']
2018-11-16 09:24:49 [scrapy.middleware] INFO: Enabled item pipelines:
['Wenshu.pipelines.WenshuPipeline']
2018-11-16 09:24:49 [scrapy.core.engine] INFO: Spider opened
2018-11-16 09:24:49 [scrapy.extensions.logstats] INFO: Crawled 0 pages (at 0 pages/min), scraped 0 items (at 0 items/min)
2018-11-16 09:25:06 [scrapy.crawler] INFO: Received SIGINT, shutting down gracefully. Send again to force 
2018-11-16 09:25:06 [scrapy.core.engine] INFO: Closing spider (shutdown)
2018-11-16 09:25:06 [scrapy.statscollectors] INFO: Dumping Scrapy stats:
{'downloader/request_bytes': 56744,
 'downloader/request_count': 164,
 'downloader/request_method_count/GET': 164,
 'downloader/response_bytes': 62648,
 'downloader/response_count': 164,
 'downloader/response_status_count/402': 164,
 'finish_reason': 'shutdown',
 'finish_time': datetime.datetime(2018, 11, 16, 1, 25, 6, 571163),
 'log_count/INFO': 8,
 'scheduler/dequeued': 164,
 'scheduler/dequeued/memory': 164,
 'scheduler/enqueued': 165,
 'scheduler/enqueued/memory': 165,
 'start_time': datetime.datetime(2018, 11, 16, 1, 24, 49, 542033)}
2018-11-16 09:25:06 [scrapy.core.engine] INFO: Spider closed (shutdown)
