2018-11-26 16:11:50 [scrapy.utils.log] INFO: Scrapy 1.5.0 started (bot: Wenshu)
2018-11-26 16:11:50 [scrapy.utils.log] INFO: Versions: lxml 4.2.5.0, libxml2 2.9.5, cssselect 1.0.3, parsel 1.5.1, w3lib 1.19.0, Twisted 18.9.0, Python 3.6.0 (v3.6.0:41df79263a11, Dec 23 2016, 08:06:12) [MSC v.1900 64 bit (AMD64)], pyOpenSSL 18.0.0 (OpenSSL 1.1.0i  14 Aug 2018), cryptography 2.4.1, Platform Windows-10-10.0.17134-SP0
2018-11-26 16:11:50 [scrapy.crawler] INFO: Overridden settings: {'BOT_NAME': 'Wenshu', 'CONCURRENT_REQUESTS_PER_DOMAIN': 1000000, 'COOKIES_ENABLED': False, 'DOWNLOAD_TIMEOUT': 8, 'FEED_FORMAT': 'json', 'FEED_URI': 'items.json', 'LOG_FILE': 'Wenshu_20181126.log', 'LOG_LEVEL': 'INFO', 'NEWSPIDER_MODULE': 'Wenshu.spiders', 'REDIRECT_ENABLED': False, 'RETRY_TIMES': 3, 'SPIDER_MODULES': ['Wenshu.spiders']}
2018-11-26 16:11:50 [scrapy.middleware] INFO: Enabled extensions:
['scrapy.extensions.corestats.CoreStats',
 'scrapy.extensions.telnet.TelnetConsole',
 'scrapy.extensions.feedexport.FeedExporter',
 'scrapy.extensions.logstats.LogStats']
2018-11-26 16:11:50 [scrapy.middleware] INFO: Enabled downloader middlewares:
['Wenshu.middlewares.RandomUserAgentMiddleware',
 'scrapy.downloadermiddlewares.retry.RetryMiddleware',
 'scrapy.downloadermiddlewares.httpauth.HttpAuthMiddleware',
 'Wenshu.middlewares.ProxyMiddleware',
 'Wenshu.middlewares.Vjkl5Middleware',
 'scrapy.downloadermiddlewares.downloadtimeout.DownloadTimeoutMiddleware',
 'scrapy.downloadermiddlewares.defaultheaders.DefaultHeadersMiddleware',
 'scrapy.downloadermiddlewares.useragent.UserAgentMiddleware',
 'scrapy.downloadermiddlewares.redirect.MetaRefreshMiddleware',
 'scrapy.downloadermiddlewares.httpcompression.HttpCompressionMiddleware',
 'scrapy.downloadermiddlewares.httpproxy.HttpProxyMiddleware',
 'scrapy.downloadermiddlewares.stats.DownloaderStats']
2018-11-26 16:11:50 [scrapy.middleware] INFO: Enabled spider middlewares:
['scrapy.spidermiddlewares.httperror.HttpErrorMiddleware',
 'scrapy.spidermiddlewares.offsite.OffsiteMiddleware',
 'scrapy.spidermiddlewares.referer.RefererMiddleware',
 'scrapy.spidermiddlewares.urllength.UrlLengthMiddleware',
 'scrapy.spidermiddlewares.depth.DepthMiddleware']
2018-11-26 16:11:50 [scrapy.middleware] INFO: Enabled item pipelines:
['Wenshu.pipelines.WenshuPipeline']
2018-11-26 16:11:50 [scrapy.core.engine] INFO: Spider opened
2018-11-26 16:11:50 [scrapy.extensions.logstats] INFO: Crawled 0 pages (at 0 pages/min), scraped 0 items (at 0 items/min)
2018-11-26 16:12:53 [scrapy.extensions.logstats] INFO: Crawled 11 pages (at 11 pages/min), scraped 50 items (at 50 items/min)
2018-11-26 16:13:50 [scrapy.extensions.logstats] INFO: Crawled 16 pages (at 5 pages/min), scraped 140 items (at 90 items/min)
2018-11-26 16:16:35 [scrapy.utils.log] INFO: Scrapy 1.5.0 started (bot: Wenshu)
2018-11-26 16:16:35 [scrapy.utils.log] INFO: Versions: lxml 4.2.5.0, libxml2 2.9.5, cssselect 1.0.3, parsel 1.5.1, w3lib 1.19.0, Twisted 18.9.0, Python 3.6.0 (v3.6.0:41df79263a11, Dec 23 2016, 08:06:12) [MSC v.1900 64 bit (AMD64)], pyOpenSSL 18.0.0 (OpenSSL 1.1.0i  14 Aug 2018), cryptography 2.4.1, Platform Windows-10-10.0.17134-SP0
2018-11-26 16:16:35 [scrapy.crawler] INFO: Overridden settings: {'BOT_NAME': 'Wenshu', 'CONCURRENT_REQUESTS_PER_DOMAIN': 1000000, 'COOKIES_ENABLED': False, 'DOWNLOAD_TIMEOUT': 8, 'FEED_FORMAT': 'json', 'FEED_URI': 'items.json', 'LOG_FILE': 'Wenshu_20181126.log', 'LOG_LEVEL': 'INFO', 'NEWSPIDER_MODULE': 'Wenshu.spiders', 'REDIRECT_ENABLED': False, 'RETRY_TIMES': 3, 'SPIDER_MODULES': ['Wenshu.spiders']}
2018-11-26 16:16:35 [scrapy.middleware] INFO: Enabled extensions:
['scrapy.extensions.corestats.CoreStats',
 'scrapy.extensions.telnet.TelnetConsole',
 'scrapy.extensions.feedexport.FeedExporter',
 'scrapy.extensions.logstats.LogStats']
2018-11-26 16:16:35 [scrapy.middleware] INFO: Enabled downloader middlewares:
['Wenshu.middlewares.RandomUserAgentMiddleware',
 'scrapy.downloadermiddlewares.retry.RetryMiddleware',
 'scrapy.downloadermiddlewares.httpauth.HttpAuthMiddleware',
 'Wenshu.middlewares.ProxyMiddleware',
 'Wenshu.middlewares.Vjkl5Middleware',
 'scrapy.downloadermiddlewares.downloadtimeout.DownloadTimeoutMiddleware',
 'scrapy.downloadermiddlewares.defaultheaders.DefaultHeadersMiddleware',
 'scrapy.downloadermiddlewares.useragent.UserAgentMiddleware',
 'scrapy.downloadermiddlewares.redirect.MetaRefreshMiddleware',
 'scrapy.downloadermiddlewares.httpcompression.HttpCompressionMiddleware',
 'scrapy.downloadermiddlewares.httpproxy.HttpProxyMiddleware',
 'scrapy.downloadermiddlewares.stats.DownloaderStats']
2018-11-26 16:16:35 [scrapy.middleware] INFO: Enabled spider middlewares:
['scrapy.spidermiddlewares.httperror.HttpErrorMiddleware',
 'scrapy.spidermiddlewares.offsite.OffsiteMiddleware',
 'scrapy.spidermiddlewares.referer.RefererMiddleware',
 'scrapy.spidermiddlewares.urllength.UrlLengthMiddleware',
 'scrapy.spidermiddlewares.depth.DepthMiddleware']
2018-11-26 16:16:35 [scrapy.middleware] INFO: Enabled item pipelines:
['Wenshu.pipelines.WenshuPipeline']
2018-11-26 16:16:35 [scrapy.core.engine] INFO: Spider opened
2018-11-26 16:16:35 [scrapy.extensions.logstats] INFO: Crawled 0 pages (at 0 pages/min), scraped 0 items (at 0 items/min)
2018-11-26 16:17:36 [scrapy.extensions.logstats] INFO: Crawled 7 pages (at 7 pages/min), scraped 40 items (at 40 items/min)
2018-11-26 16:19:20 [scrapy.utils.log] INFO: Scrapy 1.5.0 started (bot: Wenshu)
2018-11-26 16:19:20 [scrapy.utils.log] INFO: Versions: lxml 4.2.5.0, libxml2 2.9.5, cssselect 1.0.3, parsel 1.5.1, w3lib 1.19.0, Twisted 18.9.0, Python 3.6.0 (v3.6.0:41df79263a11, Dec 23 2016, 08:06:12) [MSC v.1900 64 bit (AMD64)], pyOpenSSL 18.0.0 (OpenSSL 1.1.0i  14 Aug 2018), cryptography 2.4.1, Platform Windows-10-10.0.17134-SP0
2018-11-26 16:19:20 [scrapy.crawler] INFO: Overridden settings: {'BOT_NAME': 'Wenshu', 'CONCURRENT_REQUESTS_PER_DOMAIN': 1000000, 'COOKIES_ENABLED': False, 'DOWNLOAD_TIMEOUT': 8, 'FEED_FORMAT': 'json', 'FEED_URI': 'items.json', 'LOG_FILE': 'Wenshu_20181126.log', 'LOG_LEVEL': 'INFO', 'NEWSPIDER_MODULE': 'Wenshu.spiders', 'REDIRECT_ENABLED': False, 'RETRY_TIMES': 3, 'SPIDER_MODULES': ['Wenshu.spiders']}
2018-11-26 16:19:20 [scrapy.middleware] INFO: Enabled extensions:
['scrapy.extensions.corestats.CoreStats',
 'scrapy.extensions.telnet.TelnetConsole',
 'scrapy.extensions.feedexport.FeedExporter',
 'scrapy.extensions.logstats.LogStats']
2018-11-26 16:19:21 [scrapy.middleware] INFO: Enabled downloader middlewares:
['Wenshu.middlewares.RandomUserAgentMiddleware',
 'scrapy.downloadermiddlewares.retry.RetryMiddleware',
 'scrapy.downloadermiddlewares.httpauth.HttpAuthMiddleware',
 'Wenshu.middlewares.ProxyMiddleware',
 'Wenshu.middlewares.Vjkl5Middleware',
 'scrapy.downloadermiddlewares.downloadtimeout.DownloadTimeoutMiddleware',
 'scrapy.downloadermiddlewares.defaultheaders.DefaultHeadersMiddleware',
 'scrapy.downloadermiddlewares.useragent.UserAgentMiddleware',
 'scrapy.downloadermiddlewares.redirect.MetaRefreshMiddleware',
 'scrapy.downloadermiddlewares.httpcompression.HttpCompressionMiddleware',
 'scrapy.downloadermiddlewares.httpproxy.HttpProxyMiddleware',
 'scrapy.downloadermiddlewares.stats.DownloaderStats']
2018-11-26 16:19:21 [scrapy.middleware] INFO: Enabled spider middlewares:
['scrapy.spidermiddlewares.httperror.HttpErrorMiddleware',
 'scrapy.spidermiddlewares.offsite.OffsiteMiddleware',
 'scrapy.spidermiddlewares.referer.RefererMiddleware',
 'scrapy.spidermiddlewares.urllength.UrlLengthMiddleware',
 'scrapy.spidermiddlewares.depth.DepthMiddleware']
2018-11-26 16:19:21 [scrapy.middleware] INFO: Enabled item pipelines:
['Wenshu.pipelines.WenshuPipeline']
2018-11-26 16:19:21 [scrapy.core.engine] INFO: Spider opened
2018-11-26 16:19:21 [scrapy.extensions.logstats] INFO: Crawled 0 pages (at 0 pages/min), scraped 0 items (at 0 items/min)
2018-11-26 16:20:24 [scrapy.extensions.logstats] INFO: Crawled 10 pages (at 10 pages/min), scraped 60 items (at 60 items/min)
2018-11-26 16:21:22 [scrapy.extensions.logstats] INFO: Crawled 19 pages (at 9 pages/min), scraped 161 items (at 101 items/min)
2018-11-26 16:23:41 [scrapy.utils.log] INFO: Scrapy 1.5.0 started (bot: Wenshu)
2018-11-26 16:23:41 [scrapy.utils.log] INFO: Versions: lxml 4.2.5.0, libxml2 2.9.5, cssselect 1.0.3, parsel 1.5.1, w3lib 1.19.0, Twisted 18.9.0, Python 3.6.0 (v3.6.0:41df79263a11, Dec 23 2016, 08:06:12) [MSC v.1900 64 bit (AMD64)], pyOpenSSL 18.0.0 (OpenSSL 1.1.0i  14 Aug 2018), cryptography 2.4.1, Platform Windows-10-10.0.17134-SP0
2018-11-26 16:23:41 [scrapy.crawler] INFO: Overridden settings: {'BOT_NAME': 'Wenshu', 'CONCURRENT_REQUESTS_PER_DOMAIN': 1000000, 'COOKIES_ENABLED': False, 'DOWNLOAD_TIMEOUT': 8, 'FEED_FORMAT': 'json', 'FEED_URI': 'items.json', 'LOG_FILE': 'Wenshu_20181126.log', 'LOG_LEVEL': 'INFO', 'NEWSPIDER_MODULE': 'Wenshu.spiders', 'REDIRECT_ENABLED': False, 'RETRY_TIMES': 3, 'SPIDER_MODULES': ['Wenshu.spiders']}
2018-11-26 16:23:41 [scrapy.middleware] INFO: Enabled extensions:
['scrapy.extensions.corestats.CoreStats',
 'scrapy.extensions.telnet.TelnetConsole',
 'scrapy.extensions.feedexport.FeedExporter',
 'scrapy.extensions.logstats.LogStats']
2018-11-26 16:23:42 [scrapy.middleware] INFO: Enabled downloader middlewares:
['Wenshu.middlewares.RandomUserAgentMiddleware',
 'scrapy.downloadermiddlewares.retry.RetryMiddleware',
 'scrapy.downloadermiddlewares.httpauth.HttpAuthMiddleware',
 'Wenshu.middlewares.ProxyMiddleware',
 'Wenshu.middlewares.Vjkl5Middleware',
 'scrapy.downloadermiddlewares.downloadtimeout.DownloadTimeoutMiddleware',
 'scrapy.downloadermiddlewares.defaultheaders.DefaultHeadersMiddleware',
 'scrapy.downloadermiddlewares.useragent.UserAgentMiddleware',
 'scrapy.downloadermiddlewares.redirect.MetaRefreshMiddleware',
 'scrapy.downloadermiddlewares.httpcompression.HttpCompressionMiddleware',
 'scrapy.downloadermiddlewares.httpproxy.HttpProxyMiddleware',
 'scrapy.downloadermiddlewares.stats.DownloaderStats']
2018-11-26 16:23:42 [scrapy.middleware] INFO: Enabled spider middlewares:
['scrapy.spidermiddlewares.httperror.HttpErrorMiddleware',
 'scrapy.spidermiddlewares.offsite.OffsiteMiddleware',
 'scrapy.spidermiddlewares.referer.RefererMiddleware',
 'scrapy.spidermiddlewares.urllength.UrlLengthMiddleware',
 'scrapy.spidermiddlewares.depth.DepthMiddleware']
2018-11-26 16:23:42 [scrapy.middleware] INFO: Enabled item pipelines:
['Wenshu.pipelines.WenshuPipeline']
2018-11-26 16:23:42 [scrapy.core.engine] INFO: Spider opened
2018-11-26 16:23:42 [scrapy.extensions.logstats] INFO: Crawled 0 pages (at 0 pages/min), scraped 0 items (at 0 items/min)
2018-11-26 16:24:42 [scrapy.extensions.logstats] INFO: Crawled 4 pages (at 4 pages/min), scraped 5 items (at 5 items/min)
2018-11-26 16:25:45 [scrapy.extensions.logstats] INFO: Crawled 14 pages (at 10 pages/min), scraped 108 items (at 103 items/min)
2018-11-26 16:26:43 [scrapy.extensions.logstats] INFO: Crawled 19 pages (at 5 pages/min), scraped 160 items (at 52 items/min)
2018-11-26 16:27:16 [scrapy.core.engine] INFO: Closing spider (finished)
2018-11-26 16:27:16 [scrapy.extensions.feedexport] INFO: Stored json feed (200 items) in: items.json
2018-11-26 16:27:16 [scrapy.statscollectors] INFO: Dumping Scrapy stats:
{'downloader/exception_count': 81,
 'downloader/exception_type_count/twisted.internet.error.ConnectionRefusedError': 3,
 'downloader/exception_type_count/twisted.internet.error.TCPTimedOutError': 2,
 'downloader/exception_type_count/twisted.internet.error.TimeoutError': 75,
 'downloader/exception_type_count/twisted.web._newclient.ResponseNeverReceived': 1,
 'downloader/request_bytes': 77321,
 'downloader/request_count': 118,
 'downloader/request_method_count/GET': 2,
 'downloader/request_method_count/POST': 116,
 'downloader/response_bytes': 240788,
 'downloader/response_count': 37,
 'downloader/response_status_count/200': 22,
 'downloader/response_status_count/503': 15,
 'finish_reason': 'finished',
 'finish_time': datetime.datetime(2018, 11, 26, 8, 27, 16, 652367),
 'item_scraped_count': 200,
 'log_count/INFO': 11,
 'request_depth_max': 2,
 'response_received_count': 22,
 'scheduler/dequeued': 118,
 'scheduler/dequeued/memory': 118,
 'scheduler/enqueued': 118,
 'scheduler/enqueued/memory': 118,
 'start_time': datetime.datetime(2018, 11, 26, 8, 23, 42, 359076)}
2018-11-26 16:27:16 [scrapy.core.engine] INFO: Spider closed (finished)
2018-11-26 16:29:08 [scrapy.utils.log] INFO: Scrapy 1.5.0 started (bot: Wenshu)
2018-11-26 16:29:08 [scrapy.utils.log] INFO: Versions: lxml 4.2.5.0, libxml2 2.9.5, cssselect 1.0.3, parsel 1.5.1, w3lib 1.19.0, Twisted 18.9.0, Python 3.6.0 (v3.6.0:41df79263a11, Dec 23 2016, 08:06:12) [MSC v.1900 64 bit (AMD64)], pyOpenSSL 18.0.0 (OpenSSL 1.1.0i  14 Aug 2018), cryptography 2.4.1, Platform Windows-10-10.0.17134-SP0
2018-11-26 16:29:08 [scrapy.crawler] INFO: Overridden settings: {'BOT_NAME': 'Wenshu', 'CONCURRENT_REQUESTS_PER_DOMAIN': 1000000, 'COOKIES_ENABLED': False, 'DOWNLOAD_TIMEOUT': 8, 'FEED_FORMAT': 'json', 'FEED_URI': 'items.json', 'LOG_FILE': 'Wenshu_20181126.log', 'LOG_LEVEL': 'INFO', 'NEWSPIDER_MODULE': 'Wenshu.spiders', 'REDIRECT_ENABLED': False, 'RETRY_TIMES': 3, 'SPIDER_MODULES': ['Wenshu.spiders']}
2018-11-26 16:29:08 [scrapy.middleware] INFO: Enabled extensions:
['scrapy.extensions.corestats.CoreStats',
 'scrapy.extensions.telnet.TelnetConsole',
 'scrapy.extensions.feedexport.FeedExporter',
 'scrapy.extensions.logstats.LogStats']
2018-11-26 16:29:08 [scrapy.middleware] INFO: Enabled downloader middlewares:
['Wenshu.middlewares.RandomUserAgentMiddleware',
 'scrapy.downloadermiddlewares.retry.RetryMiddleware',
 'scrapy.downloadermiddlewares.httpauth.HttpAuthMiddleware',
 'Wenshu.middlewares.ProxyMiddleware',
 'Wenshu.middlewares.Vjkl5Middleware',
 'scrapy.downloadermiddlewares.downloadtimeout.DownloadTimeoutMiddleware',
 'scrapy.downloadermiddlewares.defaultheaders.DefaultHeadersMiddleware',
 'scrapy.downloadermiddlewares.useragent.UserAgentMiddleware',
 'scrapy.downloadermiddlewares.redirect.MetaRefreshMiddleware',
 'scrapy.downloadermiddlewares.httpcompression.HttpCompressionMiddleware',
 'scrapy.downloadermiddlewares.httpproxy.HttpProxyMiddleware',
 'scrapy.downloadermiddlewares.stats.DownloaderStats']
2018-11-26 16:29:08 [scrapy.middleware] INFO: Enabled spider middlewares:
['scrapy.spidermiddlewares.httperror.HttpErrorMiddleware',
 'scrapy.spidermiddlewares.offsite.OffsiteMiddleware',
 'scrapy.spidermiddlewares.referer.RefererMiddleware',
 'scrapy.spidermiddlewares.urllength.UrlLengthMiddleware',
 'scrapy.spidermiddlewares.depth.DepthMiddleware']
2018-11-26 16:29:08 [scrapy.middleware] INFO: Enabled item pipelines:
['Wenshu.pipelines.WenshuPipeline']
2018-11-26 16:29:08 [scrapy.core.engine] INFO: Spider opened
2018-11-26 16:29:08 [scrapy.extensions.logstats] INFO: Crawled 0 pages (at 0 pages/min), scraped 0 items (at 0 items/min)
2018-11-26 16:39:05 [scrapy.utils.log] INFO: Scrapy 1.5.0 started (bot: Wenshu)
2018-11-26 16:39:05 [scrapy.utils.log] INFO: Versions: lxml 4.2.5.0, libxml2 2.9.5, cssselect 1.0.3, parsel 1.5.1, w3lib 1.19.0, Twisted 18.9.0, Python 3.6.0 (v3.6.0:41df79263a11, Dec 23 2016, 08:06:12) [MSC v.1900 64 bit (AMD64)], pyOpenSSL 18.0.0 (OpenSSL 1.1.0i  14 Aug 2018), cryptography 2.4.1, Platform Windows-10-10.0.17134-SP0
2018-11-26 16:39:05 [scrapy.crawler] INFO: Overridden settings: {'BOT_NAME': 'Wenshu', 'CONCURRENT_REQUESTS_PER_DOMAIN': 1000000, 'COOKIES_ENABLED': False, 'DOWNLOAD_TIMEOUT': 8, 'FEED_FORMAT': 'json', 'FEED_URI': 'items.json', 'LOG_FILE': 'Wenshu_20181126.log', 'LOG_LEVEL': 'INFO', 'NEWSPIDER_MODULE': 'Wenshu.spiders', 'REDIRECT_ENABLED': False, 'RETRY_TIMES': 3, 'SPIDER_MODULES': ['Wenshu.spiders']}
2018-11-26 16:39:05 [scrapy.middleware] INFO: Enabled extensions:
['scrapy.extensions.corestats.CoreStats',
 'scrapy.extensions.telnet.TelnetConsole',
 'scrapy.extensions.feedexport.FeedExporter',
 'scrapy.extensions.logstats.LogStats']
2018-11-26 16:39:06 [scrapy.middleware] INFO: Enabled downloader middlewares:
['Wenshu.middlewares.RandomUserAgentMiddleware',
 'scrapy.downloadermiddlewares.retry.RetryMiddleware',
 'scrapy.downloadermiddlewares.httpauth.HttpAuthMiddleware',
 'Wenshu.middlewares.ProxyMiddleware',
 'Wenshu.middlewares.Vjkl5Middleware',
 'scrapy.downloadermiddlewares.downloadtimeout.DownloadTimeoutMiddleware',
 'scrapy.downloadermiddlewares.defaultheaders.DefaultHeadersMiddleware',
 'scrapy.downloadermiddlewares.useragent.UserAgentMiddleware',
 'scrapy.downloadermiddlewares.redirect.MetaRefreshMiddleware',
 'scrapy.downloadermiddlewares.httpcompression.HttpCompressionMiddleware',
 'scrapy.downloadermiddlewares.httpproxy.HttpProxyMiddleware',
 'scrapy.downloadermiddlewares.stats.DownloaderStats']
2018-11-26 16:39:06 [scrapy.middleware] INFO: Enabled spider middlewares:
['scrapy.spidermiddlewares.httperror.HttpErrorMiddleware',
 'scrapy.spidermiddlewares.offsite.OffsiteMiddleware',
 'scrapy.spidermiddlewares.referer.RefererMiddleware',
 'scrapy.spidermiddlewares.urllength.UrlLengthMiddleware',
 'scrapy.spidermiddlewares.depth.DepthMiddleware']
2018-11-26 16:39:06 [scrapy.middleware] INFO: Enabled item pipelines:
['Wenshu.pipelines.WenshuPipeline']
2018-11-26 16:39:06 [scrapy.core.engine] INFO: Spider opened
2018-11-26 16:39:06 [scrapy.extensions.logstats] INFO: Crawled 0 pages (at 0 pages/min), scraped 0 items (at 0 items/min)
2018-11-26 16:40:36 [scrapy.utils.log] INFO: Scrapy 1.5.0 started (bot: Wenshu)
2018-11-26 16:40:36 [scrapy.utils.log] INFO: Versions: lxml 4.2.5.0, libxml2 2.9.5, cssselect 1.0.3, parsel 1.5.1, w3lib 1.19.0, Twisted 18.9.0, Python 3.6.0 (v3.6.0:41df79263a11, Dec 23 2016, 08:06:12) [MSC v.1900 64 bit (AMD64)], pyOpenSSL 18.0.0 (OpenSSL 1.1.0i  14 Aug 2018), cryptography 2.4.1, Platform Windows-10-10.0.17134-SP0
2018-11-26 16:40:36 [scrapy.crawler] INFO: Overridden settings: {'BOT_NAME': 'Wenshu', 'CONCURRENT_REQUESTS_PER_DOMAIN': 1000000, 'COOKIES_ENABLED': False, 'DOWNLOAD_TIMEOUT': 8, 'FEED_FORMAT': 'json', 'FEED_URI': 'items.json', 'LOG_FILE': 'Wenshu_20181126.log', 'LOG_LEVEL': 'INFO', 'NEWSPIDER_MODULE': 'Wenshu.spiders', 'REDIRECT_ENABLED': False, 'RETRY_TIMES': 3, 'SPIDER_MODULES': ['Wenshu.spiders']}
2018-11-26 16:40:36 [scrapy.middleware] INFO: Enabled extensions:
['scrapy.extensions.corestats.CoreStats',
 'scrapy.extensions.telnet.TelnetConsole',
 'scrapy.extensions.feedexport.FeedExporter',
 'scrapy.extensions.logstats.LogStats']
2018-11-26 16:40:36 [scrapy.middleware] INFO: Enabled downloader middlewares:
['Wenshu.middlewares.RandomUserAgentMiddleware',
 'scrapy.downloadermiddlewares.retry.RetryMiddleware',
 'scrapy.downloadermiddlewares.httpauth.HttpAuthMiddleware',
 'Wenshu.middlewares.ProxyMiddleware',
 'Wenshu.middlewares.Vjkl5Middleware',
 'scrapy.downloadermiddlewares.downloadtimeout.DownloadTimeoutMiddleware',
 'scrapy.downloadermiddlewares.defaultheaders.DefaultHeadersMiddleware',
 'scrapy.downloadermiddlewares.useragent.UserAgentMiddleware',
 'scrapy.downloadermiddlewares.redirect.MetaRefreshMiddleware',
 'scrapy.downloadermiddlewares.httpcompression.HttpCompressionMiddleware',
 'scrapy.downloadermiddlewares.httpproxy.HttpProxyMiddleware',
 'scrapy.downloadermiddlewares.stats.DownloaderStats']
2018-11-26 16:40:36 [scrapy.middleware] INFO: Enabled spider middlewares:
['scrapy.spidermiddlewares.httperror.HttpErrorMiddleware',
 'scrapy.spidermiddlewares.offsite.OffsiteMiddleware',
 'scrapy.spidermiddlewares.referer.RefererMiddleware',
 'scrapy.spidermiddlewares.urllength.UrlLengthMiddleware',
 'scrapy.spidermiddlewares.depth.DepthMiddleware']
2018-11-26 16:40:36 [scrapy.middleware] INFO: Enabled item pipelines:
['Wenshu.pipelines.WenshuPipeline']
2018-11-26 16:40:36 [scrapy.core.engine] INFO: Spider opened
2018-11-26 16:40:37 [scrapy.extensions.logstats] INFO: Crawled 0 pages (at 0 pages/min), scraped 0 items (at 0 items/min)
2018-11-26 16:41:37 [scrapy.extensions.logstats] INFO: Crawled 15 pages (at 15 pages/min), scraped 3 items (at 3 items/min)
2018-11-26 16:43:01 [scrapy.utils.log] INFO: Scrapy 1.5.0 started (bot: Wenshu)
2018-11-26 16:43:01 [scrapy.utils.log] INFO: Versions: lxml 4.2.5.0, libxml2 2.9.5, cssselect 1.0.3, parsel 1.5.1, w3lib 1.19.0, Twisted 18.9.0, Python 3.6.0 (v3.6.0:41df79263a11, Dec 23 2016, 08:06:12) [MSC v.1900 64 bit (AMD64)], pyOpenSSL 18.0.0 (OpenSSL 1.1.0i  14 Aug 2018), cryptography 2.4.1, Platform Windows-10-10.0.17134-SP0
2018-11-26 16:43:01 [scrapy.crawler] INFO: Overridden settings: {'BOT_NAME': 'Wenshu', 'CONCURRENT_REQUESTS_PER_DOMAIN': 1000000, 'COOKIES_ENABLED': False, 'DOWNLOAD_TIMEOUT': 8, 'FEED_FORMAT': 'json', 'FEED_URI': 'items.json', 'LOG_FILE': 'Wenshu_20181126.log', 'LOG_LEVEL': 'INFO', 'NEWSPIDER_MODULE': 'Wenshu.spiders', 'REDIRECT_ENABLED': False, 'RETRY_TIMES': 3, 'SPIDER_MODULES': ['Wenshu.spiders']}
2018-11-26 16:43:01 [scrapy.middleware] INFO: Enabled extensions:
['scrapy.extensions.corestats.CoreStats',
 'scrapy.extensions.telnet.TelnetConsole',
 'scrapy.extensions.feedexport.FeedExporter',
 'scrapy.extensions.logstats.LogStats']
2018-11-26 16:43:01 [scrapy.middleware] INFO: Enabled downloader middlewares:
['Wenshu.middlewares.RandomUserAgentMiddleware',
 'scrapy.downloadermiddlewares.retry.RetryMiddleware',
 'Wenshu.middlewares.Vjkl5Middleware',
 'scrapy.downloadermiddlewares.httpauth.HttpAuthMiddleware',
 'Wenshu.middlewares.ProxyMiddleware',
 'scrapy.downloadermiddlewares.downloadtimeout.DownloadTimeoutMiddleware',
 'scrapy.downloadermiddlewares.defaultheaders.DefaultHeadersMiddleware',
 'scrapy.downloadermiddlewares.useragent.UserAgentMiddleware',
 'scrapy.downloadermiddlewares.redirect.MetaRefreshMiddleware',
 'scrapy.downloadermiddlewares.httpcompression.HttpCompressionMiddleware',
 'scrapy.downloadermiddlewares.httpproxy.HttpProxyMiddleware',
 'scrapy.downloadermiddlewares.stats.DownloaderStats']
2018-11-26 16:43:01 [scrapy.middleware] INFO: Enabled spider middlewares:
['scrapy.spidermiddlewares.httperror.HttpErrorMiddleware',
 'scrapy.spidermiddlewares.offsite.OffsiteMiddleware',
 'scrapy.spidermiddlewares.referer.RefererMiddleware',
 'scrapy.spidermiddlewares.urllength.UrlLengthMiddleware',
 'scrapy.spidermiddlewares.depth.DepthMiddleware']
2018-11-26 16:43:01 [scrapy.middleware] INFO: Enabled item pipelines:
['Wenshu.pipelines.WenshuPipeline']
2018-11-26 16:43:01 [scrapy.core.engine] INFO: Spider opened
2018-11-26 16:43:01 [scrapy.extensions.logstats] INFO: Crawled 0 pages (at 0 pages/min), scraped 0 items (at 0 items/min)
2018-11-26 16:44:02 [scrapy.extensions.logstats] INFO: Crawled 22 pages (at 22 pages/min), scraped 6 items (at 6 items/min)
2018-11-26 17:00:18 [scrapy.utils.log] INFO: Scrapy 1.5.0 started (bot: Wenshu)
2018-11-26 17:00:18 [scrapy.utils.log] INFO: Versions: lxml 4.2.5.0, libxml2 2.9.5, cssselect 1.0.3, parsel 1.5.1, w3lib 1.19.0, Twisted 18.9.0, Python 3.6.0 (v3.6.0:41df79263a11, Dec 23 2016, 08:06:12) [MSC v.1900 64 bit (AMD64)], pyOpenSSL 18.0.0 (OpenSSL 1.1.0i  14 Aug 2018), cryptography 2.4.1, Platform Windows-10-10.0.17134-SP0
2018-11-26 17:00:18 [scrapy.crawler] INFO: Overridden settings: {'BOT_NAME': 'Wenshu', 'CONCURRENT_REQUESTS_PER_DOMAIN': 1000000, 'COOKIES_ENABLED': False, 'DOWNLOAD_TIMEOUT': 8, 'FEED_FORMAT': 'json', 'FEED_URI': 'items.json', 'LOG_FILE': 'Wenshu_20181126.log', 'LOG_LEVEL': 'INFO', 'NEWSPIDER_MODULE': 'Wenshu.spiders', 'REDIRECT_ENABLED': False, 'RETRY_TIMES': 3, 'SPIDER_MODULES': ['Wenshu.spiders']}
2018-11-26 17:00:19 [scrapy.middleware] INFO: Enabled extensions:
['scrapy.extensions.corestats.CoreStats',
 'scrapy.extensions.telnet.TelnetConsole',
 'scrapy.extensions.feedexport.FeedExporter',
 'scrapy.extensions.logstats.LogStats']
2018-11-26 17:00:19 [scrapy.middleware] INFO: Enabled downloader middlewares:
['Wenshu.middlewares.RandomUserAgentMiddleware',
 'scrapy.downloadermiddlewares.retry.RetryMiddleware',
 'Wenshu.middlewares.Vjkl5Middleware',
 'scrapy.downloadermiddlewares.httpauth.HttpAuthMiddleware',
 'Wenshu.middlewares.ProxyMiddleware',
 'scrapy.downloadermiddlewares.downloadtimeout.DownloadTimeoutMiddleware',
 'scrapy.downloadermiddlewares.defaultheaders.DefaultHeadersMiddleware',
 'scrapy.downloadermiddlewares.useragent.UserAgentMiddleware',
 'scrapy.downloadermiddlewares.redirect.MetaRefreshMiddleware',
 'scrapy.downloadermiddlewares.httpcompression.HttpCompressionMiddleware',
 'scrapy.downloadermiddlewares.httpproxy.HttpProxyMiddleware',
 'scrapy.downloadermiddlewares.stats.DownloaderStats']
2018-11-26 17:00:19 [scrapy.middleware] INFO: Enabled spider middlewares:
['scrapy.spidermiddlewares.httperror.HttpErrorMiddleware',
 'scrapy.spidermiddlewares.offsite.OffsiteMiddleware',
 'scrapy.spidermiddlewares.referer.RefererMiddleware',
 'scrapy.spidermiddlewares.urllength.UrlLengthMiddleware',
 'scrapy.spidermiddlewares.depth.DepthMiddleware']
2018-11-26 17:00:19 [scrapy.middleware] INFO: Enabled item pipelines:
['Wenshu.pipelines.WenshuPipeline']
2018-11-26 17:00:19 [scrapy.core.engine] INFO: Spider opened
2018-11-26 17:00:19 [scrapy.extensions.logstats] INFO: Crawled 0 pages (at 0 pages/min), scraped 0 items (at 0 items/min)
2018-11-26 17:01:23 [scrapy.extensions.logstats] INFO: Crawled 54 pages (at 54 pages/min), scraped 45 items (at 45 items/min)
2018-11-26 17:02:22 [scrapy.extensions.logstats] INFO: Crawled 58 pages (at 4 pages/min), scraped 103 items (at 58 items/min)
2018-11-26 17:44:08 [scrapy.utils.log] INFO: Scrapy 1.5.0 started (bot: Wenshu)
2018-11-26 17:44:08 [scrapy.utils.log] INFO: Versions: lxml 4.2.5.0, libxml2 2.9.5, cssselect 1.0.3, parsel 1.5.1, w3lib 1.19.0, Twisted 18.9.0, Python 3.6.0 (v3.6.0:41df79263a11, Dec 23 2016, 08:06:12) [MSC v.1900 64 bit (AMD64)], pyOpenSSL 18.0.0 (OpenSSL 1.1.0i  14 Aug 2018), cryptography 2.4.1, Platform Windows-10-10.0.17134-SP0
2018-11-26 17:44:08 [scrapy.crawler] INFO: Overridden settings: {'BOT_NAME': 'Wenshu', 'CONCURRENT_REQUESTS_PER_DOMAIN': 1000000, 'COOKIES_ENABLED': False, 'DOWNLOAD_TIMEOUT': 8, 'FEED_FORMAT': 'json', 'FEED_URI': 'items.json', 'LOG_FILE': 'Wenshu_20181126.log', 'LOG_LEVEL': 'INFO', 'NEWSPIDER_MODULE': 'Wenshu.spiders', 'REDIRECT_ENABLED': False, 'RETRY_TIMES': 3, 'SPIDER_MODULES': ['Wenshu.spiders']}
2018-11-26 17:44:08 [scrapy.middleware] INFO: Enabled extensions:
['scrapy.extensions.corestats.CoreStats',
 'scrapy.extensions.telnet.TelnetConsole',
 'scrapy.extensions.feedexport.FeedExporter',
 'scrapy.extensions.logstats.LogStats']
2018-11-26 17:44:09 [scrapy.middleware] INFO: Enabled downloader middlewares:
['Wenshu.middlewares.RandomUserAgentMiddleware',
 'scrapy.downloadermiddlewares.retry.RetryMiddleware',
 'Wenshu.middlewares.Vjkl5Middleware',
 'scrapy.downloadermiddlewares.httpauth.HttpAuthMiddleware',
 'Wenshu.middlewares.ProxyMiddleware',
 'scrapy.downloadermiddlewares.downloadtimeout.DownloadTimeoutMiddleware',
 'scrapy.downloadermiddlewares.defaultheaders.DefaultHeadersMiddleware',
 'scrapy.downloadermiddlewares.useragent.UserAgentMiddleware',
 'scrapy.downloadermiddlewares.redirect.MetaRefreshMiddleware',
 'scrapy.downloadermiddlewares.httpcompression.HttpCompressionMiddleware',
 'scrapy.downloadermiddlewares.httpproxy.HttpProxyMiddleware',
 'scrapy.downloadermiddlewares.stats.DownloaderStats']
2018-11-26 17:44:09 [scrapy.middleware] INFO: Enabled spider middlewares:
['scrapy.spidermiddlewares.httperror.HttpErrorMiddleware',
 'scrapy.spidermiddlewares.offsite.OffsiteMiddleware',
 'scrapy.spidermiddlewares.referer.RefererMiddleware',
 'scrapy.spidermiddlewares.urllength.UrlLengthMiddleware',
 'scrapy.spidermiddlewares.depth.DepthMiddleware']
2018-11-26 17:44:09 [scrapy.middleware] INFO: Enabled item pipelines:
['Wenshu.pipelines.WenshuPipeline']
2018-11-26 17:44:09 [scrapy.core.engine] INFO: Spider opened
2018-11-26 17:44:09 [scrapy.extensions.logstats] INFO: Crawled 0 pages (at 0 pages/min), scraped 0 items (at 0 items/min)
2018-11-26 17:45:17 [scrapy.utils.log] INFO: Scrapy 1.5.0 started (bot: Wenshu)
2018-11-26 17:45:17 [scrapy.utils.log] INFO: Versions: lxml 4.2.5.0, libxml2 2.9.5, cssselect 1.0.3, parsel 1.5.1, w3lib 1.19.0, Twisted 18.9.0, Python 3.6.0 (v3.6.0:41df79263a11, Dec 23 2016, 08:06:12) [MSC v.1900 64 bit (AMD64)], pyOpenSSL 18.0.0 (OpenSSL 1.1.0i  14 Aug 2018), cryptography 2.4.1, Platform Windows-10-10.0.17134-SP0
2018-11-26 17:45:17 [scrapy.crawler] INFO: Overridden settings: {'BOT_NAME': 'Wenshu', 'CONCURRENT_REQUESTS_PER_DOMAIN': 1000000, 'COOKIES_ENABLED': False, 'DOWNLOAD_TIMEOUT': 8, 'FEED_FORMAT': 'json', 'FEED_URI': 'items.json', 'LOG_FILE': 'Wenshu_20181126.log', 'LOG_LEVEL': 'INFO', 'NEWSPIDER_MODULE': 'Wenshu.spiders', 'REDIRECT_ENABLED': False, 'RETRY_TIMES': 3, 'SPIDER_MODULES': ['Wenshu.spiders']}
2018-11-26 17:45:18 [scrapy.middleware] INFO: Enabled extensions:
['scrapy.extensions.corestats.CoreStats',
 'scrapy.extensions.telnet.TelnetConsole',
 'scrapy.extensions.feedexport.FeedExporter',
 'scrapy.extensions.logstats.LogStats']
2018-11-26 17:45:18 [scrapy.middleware] INFO: Enabled downloader middlewares:
['Wenshu.middlewares.RandomUserAgentMiddleware',
 'scrapy.downloadermiddlewares.retry.RetryMiddleware',
 'Wenshu.middlewares.Vjkl5Middleware',
 'scrapy.downloadermiddlewares.httpauth.HttpAuthMiddleware',
 'Wenshu.middlewares.ProxyMiddleware',
 'scrapy.downloadermiddlewares.downloadtimeout.DownloadTimeoutMiddleware',
 'scrapy.downloadermiddlewares.defaultheaders.DefaultHeadersMiddleware',
 'scrapy.downloadermiddlewares.useragent.UserAgentMiddleware',
 'scrapy.downloadermiddlewares.redirect.MetaRefreshMiddleware',
 'scrapy.downloadermiddlewares.httpcompression.HttpCompressionMiddleware',
 'scrapy.downloadermiddlewares.httpproxy.HttpProxyMiddleware',
 'scrapy.downloadermiddlewares.stats.DownloaderStats']
2018-11-26 17:45:18 [scrapy.middleware] INFO: Enabled spider middlewares:
['scrapy.spidermiddlewares.httperror.HttpErrorMiddleware',
 'scrapy.spidermiddlewares.offsite.OffsiteMiddleware',
 'scrapy.spidermiddlewares.referer.RefererMiddleware',
 'scrapy.spidermiddlewares.urllength.UrlLengthMiddleware',
 'scrapy.spidermiddlewares.depth.DepthMiddleware']
2018-11-26 17:45:18 [scrapy.middleware] INFO: Enabled item pipelines:
['Wenshu.pipelines.WenshuPipeline']
2018-11-26 17:45:18 [scrapy.core.engine] INFO: Spider opened
2018-11-26 17:45:18 [scrapy.extensions.logstats] INFO: Crawled 0 pages (at 0 pages/min), scraped 0 items (at 0 items/min)
2018-11-26 17:47:04 [scrapy.utils.log] INFO: Scrapy 1.5.0 started (bot: Wenshu)
2018-11-26 17:47:04 [scrapy.utils.log] INFO: Versions: lxml 4.2.5.0, libxml2 2.9.5, cssselect 1.0.3, parsel 1.5.1, w3lib 1.19.0, Twisted 18.9.0, Python 3.6.0 (v3.6.0:41df79263a11, Dec 23 2016, 08:06:12) [MSC v.1900 64 bit (AMD64)], pyOpenSSL 18.0.0 (OpenSSL 1.1.0i  14 Aug 2018), cryptography 2.4.1, Platform Windows-10-10.0.17134-SP0
2018-11-26 17:47:04 [scrapy.crawler] INFO: Overridden settings: {'BOT_NAME': 'Wenshu', 'CONCURRENT_REQUESTS_PER_DOMAIN': 1000000, 'COOKIES_ENABLED': False, 'DOWNLOAD_TIMEOUT': 8, 'FEED_FORMAT': 'json', 'FEED_URI': 'items.json', 'LOG_FILE': 'Wenshu_20181126.log', 'LOG_LEVEL': 'INFO', 'NEWSPIDER_MODULE': 'Wenshu.spiders', 'REDIRECT_ENABLED': False, 'RETRY_TIMES': 3, 'SPIDER_MODULES': ['Wenshu.spiders']}
2018-11-26 17:47:05 [scrapy.middleware] INFO: Enabled extensions:
['scrapy.extensions.corestats.CoreStats',
 'scrapy.extensions.telnet.TelnetConsole',
 'scrapy.extensions.feedexport.FeedExporter',
 'scrapy.extensions.logstats.LogStats']
2018-11-26 17:47:05 [scrapy.middleware] INFO: Enabled downloader middlewares:
['Wenshu.middlewares.RandomUserAgentMiddleware',
 'scrapy.downloadermiddlewares.retry.RetryMiddleware',
 'Wenshu.middlewares.Vjkl5Middleware',
 'scrapy.downloadermiddlewares.httpauth.HttpAuthMiddleware',
 'Wenshu.middlewares.ProxyMiddleware',
 'scrapy.downloadermiddlewares.downloadtimeout.DownloadTimeoutMiddleware',
 'scrapy.downloadermiddlewares.defaultheaders.DefaultHeadersMiddleware',
 'scrapy.downloadermiddlewares.useragent.UserAgentMiddleware',
 'scrapy.downloadermiddlewares.redirect.MetaRefreshMiddleware',
 'scrapy.downloadermiddlewares.httpcompression.HttpCompressionMiddleware',
 'scrapy.downloadermiddlewares.httpproxy.HttpProxyMiddleware',
 'scrapy.downloadermiddlewares.stats.DownloaderStats']
2018-11-26 17:47:05 [scrapy.middleware] INFO: Enabled spider middlewares:
['scrapy.spidermiddlewares.httperror.HttpErrorMiddleware',
 'scrapy.spidermiddlewares.offsite.OffsiteMiddleware',
 'scrapy.spidermiddlewares.referer.RefererMiddleware',
 'scrapy.spidermiddlewares.urllength.UrlLengthMiddleware',
 'scrapy.spidermiddlewares.depth.DepthMiddleware']
2018-11-26 17:47:05 [scrapy.middleware] INFO: Enabled item pipelines:
['Wenshu.pipelines.WenshuPipeline']
2018-11-26 17:47:05 [scrapy.core.engine] INFO: Spider opened
2018-11-26 17:47:05 [scrapy.extensions.logstats] INFO: Crawled 0 pages (at 0 pages/min), scraped 0 items (at 0 items/min)
2018-11-26 17:48:08 [scrapy.extensions.logstats] INFO: Crawled 31 pages (at 31 pages/min), scraped 81 items (at 81 items/min)
2018-11-26 17:49:07 [scrapy.extensions.logstats] INFO: Crawled 44 pages (at 13 pages/min), scraped 173 items (at 92 items/min)
