2018-11-27 17:56:51 [scrapy.utils.log] INFO: Scrapy 1.5.0 started (bot: Wenshu)
2018-11-27 17:56:51 [scrapy.utils.log] INFO: Versions: lxml 4.2.5.0, libxml2 2.9.5, cssselect 1.0.3, parsel 1.5.1, w3lib 1.19.0, Twisted 18.9.0, Python 3.6.0 (v3.6.0:41df79263a11, Dec 23 2016, 08:06:12) [MSC v.1900 64 bit (AMD64)], pyOpenSSL 18.0.0 (OpenSSL 1.1.0i  14 Aug 2018), cryptography 2.4.1, Platform Windows-10-10.0.17134-SP0
2018-11-27 17:56:51 [scrapy.crawler] INFO: Overridden settings: {'BOT_NAME': 'Wenshu', 'CONCURRENT_REQUESTS_PER_DOMAIN': 1000000, 'COOKIES_ENABLED': False, 'DOWNLOAD_TIMEOUT': 8, 'FEED_FORMAT': 'json', 'FEED_URI': 'items.json', 'LOG_FILE': 'Wenshu_2018-11-27.log', 'LOG_LEVEL': 'INFO', 'NEWSPIDER_MODULE': 'Wenshu.spiders', 'REDIRECT_ENABLED': False, 'RETRY_TIMES': 3, 'SPIDER_MODULES': ['Wenshu.spiders']}
2018-11-27 17:56:51 [scrapy.middleware] INFO: Enabled extensions:
['scrapy.extensions.corestats.CoreStats',
 'scrapy.extensions.telnet.TelnetConsole',
 'scrapy.extensions.feedexport.FeedExporter',
 'scrapy.extensions.logstats.LogStats']
2018-11-27 17:56:52 [scrapy.middleware] INFO: Enabled downloader middlewares:
['Wenshu.middlewares.RandomUserAgentMiddleware',
 'scrapy.downloadermiddlewares.retry.RetryMiddleware',
 'Wenshu.middlewares.Vjkl5Middleware',
 'scrapy.downloadermiddlewares.httpauth.HttpAuthMiddleware',
 'Wenshu.middlewares.ProxyMiddleware',
 'scrapy.downloadermiddlewares.downloadtimeout.DownloadTimeoutMiddleware',
 'scrapy.downloadermiddlewares.defaultheaders.DefaultHeadersMiddleware',
 'scrapy.downloadermiddlewares.useragent.UserAgentMiddleware',
 'scrapy.downloadermiddlewares.redirect.MetaRefreshMiddleware',
 'scrapy.downloadermiddlewares.httpcompression.HttpCompressionMiddleware',
 'scrapy.downloadermiddlewares.httpproxy.HttpProxyMiddleware',
 'scrapy.downloadermiddlewares.stats.DownloaderStats']
2018-11-27 17:56:52 [scrapy.middleware] INFO: Enabled spider middlewares:
['scrapy.spidermiddlewares.httperror.HttpErrorMiddleware',
 'scrapy.spidermiddlewares.offsite.OffsiteMiddleware',
 'scrapy.spidermiddlewares.referer.RefererMiddleware',
 'scrapy.spidermiddlewares.urllength.UrlLengthMiddleware',
 'scrapy.spidermiddlewares.depth.DepthMiddleware']
2018-11-27 17:56:52 [scrapy.middleware] INFO: Enabled item pipelines:
['Wenshu.pipelines.WenshuPipeline']
2018-11-27 17:56:52 [scrapy.core.engine] INFO: Spider opened
2018-11-27 17:56:52 [scrapy.extensions.logstats] INFO: Crawled 0 pages (at 0 pages/min), scraped 0 items (at 0 items/min)
2018-11-27 17:57:06 [scrapy.core.scraper] ERROR: Spider error processing <POST http://wenshu.court.gov.cn/List/ListContent> (referer: http://wenshu.court.gov.cn/list/list/?sorttype=1)
Traceback (most recent call last):
  File "C:\Users\27569\AppData\Local\Programs\Python\Python36\lib\site-packages\twisted\internet\defer.py", line 654, in _runCallbacks
    current.result = callback(current.result, *args, **kw)
  File "D:\AllCode\python\Wenshu_Project\Wenshu\spiders\wenshu.py", line 103, in get_content
    if count > 200:
TypeError: '>' not supported between instances of 'str' and 'int'
2018-11-27 17:57:06 [scrapy.core.engine] INFO: Closing spider (finished)
2018-11-27 17:57:06 [scrapy.statscollectors] INFO: Dumping Scrapy stats:
{'downloader/exception_count': 1,
 'downloader/exception_type_count/twisted.internet.error.TimeoutError': 1,
 'downloader/request_bytes': 1695,
 'downloader/request_count': 4,
 'downloader/request_method_count/GET': 3,
 'downloader/request_method_count/POST': 1,
 'downloader/response_bytes': 22717,
 'downloader/response_count': 3,
 'downloader/response_status_count/200': 2,
 'downloader/response_status_count/500': 1,
 'finish_reason': 'finished',
 'finish_time': datetime.datetime(2018, 11, 27, 9, 57, 6, 513680),
 'log_count/ERROR': 1,
 'log_count/INFO': 7,
 'request_depth_max': 1,
 'response_received_count': 2,
 'scheduler/dequeued': 4,
 'scheduler/dequeued/memory': 4,
 'scheduler/enqueued': 4,
 'scheduler/enqueued/memory': 4,
 'spider_exceptions/TypeError': 1,
 'start_time': datetime.datetime(2018, 11, 27, 9, 56, 52, 528871)}
2018-11-27 17:57:06 [scrapy.core.engine] INFO: Spider closed (finished)
2018-11-27 17:59:58 [scrapy.utils.log] INFO: Scrapy 1.5.0 started (bot: Wenshu)
2018-11-27 17:59:58 [scrapy.utils.log] INFO: Versions: lxml 4.2.5.0, libxml2 2.9.5, cssselect 1.0.3, parsel 1.5.1, w3lib 1.19.0, Twisted 18.9.0, Python 3.6.0 (v3.6.0:41df79263a11, Dec 23 2016, 08:06:12) [MSC v.1900 64 bit (AMD64)], pyOpenSSL 18.0.0 (OpenSSL 1.1.0i  14 Aug 2018), cryptography 2.4.1, Platform Windows-10-10.0.17134-SP0
2018-11-27 17:59:58 [scrapy.crawler] INFO: Overridden settings: {'BOT_NAME': 'Wenshu', 'CONCURRENT_REQUESTS_PER_DOMAIN': 1000000, 'COOKIES_ENABLED': False, 'DOWNLOAD_TIMEOUT': 8, 'FEED_FORMAT': 'json', 'FEED_URI': 'items.json', 'LOG_FILE': 'Wenshu_2018-11-27.log', 'LOG_LEVEL': 'INFO', 'NEWSPIDER_MODULE': 'Wenshu.spiders', 'REDIRECT_ENABLED': False, 'RETRY_TIMES': 3, 'SPIDER_MODULES': ['Wenshu.spiders']}
2018-11-27 17:59:58 [scrapy.middleware] INFO: Enabled extensions:
['scrapy.extensions.corestats.CoreStats',
 'scrapy.extensions.telnet.TelnetConsole',
 'scrapy.extensions.feedexport.FeedExporter',
 'scrapy.extensions.logstats.LogStats']
2018-11-27 17:59:58 [scrapy.middleware] INFO: Enabled downloader middlewares:
['Wenshu.middlewares.RandomUserAgentMiddleware',
 'scrapy.downloadermiddlewares.retry.RetryMiddleware',
 'Wenshu.middlewares.Vjkl5Middleware',
 'scrapy.downloadermiddlewares.httpauth.HttpAuthMiddleware',
 'Wenshu.middlewares.ProxyMiddleware',
 'scrapy.downloadermiddlewares.downloadtimeout.DownloadTimeoutMiddleware',
 'scrapy.downloadermiddlewares.defaultheaders.DefaultHeadersMiddleware',
 'scrapy.downloadermiddlewares.useragent.UserAgentMiddleware',
 'scrapy.downloadermiddlewares.redirect.MetaRefreshMiddleware',
 'scrapy.downloadermiddlewares.httpcompression.HttpCompressionMiddleware',
 'scrapy.downloadermiddlewares.httpproxy.HttpProxyMiddleware',
 'scrapy.downloadermiddlewares.stats.DownloaderStats']
2018-11-27 17:59:58 [scrapy.middleware] INFO: Enabled spider middlewares:
['scrapy.spidermiddlewares.httperror.HttpErrorMiddleware',
 'scrapy.spidermiddlewares.offsite.OffsiteMiddleware',
 'scrapy.spidermiddlewares.referer.RefererMiddleware',
 'scrapy.spidermiddlewares.urllength.UrlLengthMiddleware',
 'scrapy.spidermiddlewares.depth.DepthMiddleware']
2018-11-27 17:59:58 [scrapy.middleware] INFO: Enabled item pipelines:
['Wenshu.pipelines.WenshuPipeline']
2018-11-27 17:59:58 [scrapy.core.engine] INFO: Spider opened
2018-11-27 17:59:58 [scrapy.extensions.logstats] INFO: Crawled 0 pages (at 0 pages/min), scraped 0 items (at 0 items/min)
2018-11-27 18:00:24 [scrapy.core.scraper] ERROR: Spider error processing <POST http://wenshu.court.gov.cn/List/ListContent> (referer: http://wenshu.court.gov.cn/list/list/?sorttype=1)
Traceback (most recent call last):
  File "C:\Users\27569\AppData\Local\Programs\Python\Python36\lib\site-packages\scrapy\utils\defer.py", line 102, in iter_errback
    yield next(it)
  File "C:\Users\27569\AppData\Local\Programs\Python\Python36\lib\site-packages\scrapy\spidermiddlewares\offsite.py", line 30, in process_spider_output
    for x in result:
  File "C:\Users\27569\AppData\Local\Programs\Python\Python36\lib\site-packages\scrapy\spidermiddlewares\referer.py", line 339, in <genexpr>
    return (_set_referer(r) for r in result or ())
  File "C:\Users\27569\AppData\Local\Programs\Python\Python36\lib\site-packages\scrapy\spidermiddlewares\urllength.py", line 37, in <genexpr>
    return (r for r in result or () if _filter(r))
  File "C:\Users\27569\AppData\Local\Programs\Python\Python36\lib\site-packages\scrapy\spidermiddlewares\depth.py", line 58, in <genexpr>
    return (r for r in result or () if _filter(r))
  File "D:\AllCode\python\Wenshu_Project\Wenshu\spiders\wenshu.py", line 128, in get_case_formrequst
    for cid in c_list:
TypeError: 'InnerCase' object is not iterable
2018-11-27 18:00:24 [scrapy.core.engine] INFO: Closing spider (finished)
2018-11-27 18:00:24 [scrapy.statscollectors] INFO: Dumping Scrapy stats:
{'downloader/exception_count': 3,
 'downloader/exception_type_count/twisted.internet.error.TimeoutError': 3,
 'downloader/request_bytes': 2277,
 'downloader/request_count': 6,
 'downloader/request_method_count/GET': 5,
 'downloader/request_method_count/POST': 1,
 'downloader/response_bytes': 15367,
 'downloader/response_count': 3,
 'downloader/response_status_count/200': 2,
 'downloader/response_status_count/503': 1,
 'finish_reason': 'finished',
 'finish_time': datetime.datetime(2018, 11, 27, 10, 0, 24, 967012),
 'log_count/ERROR': 1,
 'log_count/INFO': 7,
 'request_depth_max': 1,
 'response_received_count': 2,
 'scheduler/dequeued': 6,
 'scheduler/dequeued/memory': 6,
 'scheduler/enqueued': 6,
 'scheduler/enqueued/memory': 6,
 'spider_exceptions/TypeError': 1,
 'start_time': datetime.datetime(2018, 11, 27, 9, 59, 58, 625731)}
2018-11-27 18:00:24 [scrapy.core.engine] INFO: Spider closed (finished)
2018-11-27 18:02:50 [scrapy.utils.log] INFO: Scrapy 1.5.0 started (bot: Wenshu)
2018-11-27 18:02:50 [scrapy.utils.log] INFO: Versions: lxml 4.2.5.0, libxml2 2.9.5, cssselect 1.0.3, parsel 1.5.1, w3lib 1.19.0, Twisted 18.9.0, Python 3.6.0 (v3.6.0:41df79263a11, Dec 23 2016, 08:06:12) [MSC v.1900 64 bit (AMD64)], pyOpenSSL 18.0.0 (OpenSSL 1.1.0i  14 Aug 2018), cryptography 2.4.1, Platform Windows-10-10.0.17134-SP0
2018-11-27 18:02:50 [scrapy.crawler] INFO: Overridden settings: {'BOT_NAME': 'Wenshu', 'CONCURRENT_REQUESTS_PER_DOMAIN': 1000000, 'COOKIES_ENABLED': False, 'DOWNLOAD_TIMEOUT': 8, 'FEED_FORMAT': 'json', 'FEED_URI': 'items.json', 'LOG_FILE': 'Wenshu_2018-11-27.log', 'LOG_LEVEL': 'INFO', 'NEWSPIDER_MODULE': 'Wenshu.spiders', 'REDIRECT_ENABLED': False, 'RETRY_TIMES': 3, 'SPIDER_MODULES': ['Wenshu.spiders']}
2018-11-27 18:02:50 [scrapy.middleware] INFO: Enabled extensions:
['scrapy.extensions.corestats.CoreStats',
 'scrapy.extensions.telnet.TelnetConsole',
 'scrapy.extensions.feedexport.FeedExporter',
 'scrapy.extensions.logstats.LogStats']
2018-11-27 18:02:51 [scrapy.middleware] INFO: Enabled downloader middlewares:
['Wenshu.middlewares.RandomUserAgentMiddleware',
 'scrapy.downloadermiddlewares.retry.RetryMiddleware',
 'Wenshu.middlewares.Vjkl5Middleware',
 'scrapy.downloadermiddlewares.httpauth.HttpAuthMiddleware',
 'Wenshu.middlewares.ProxyMiddleware',
 'scrapy.downloadermiddlewares.downloadtimeout.DownloadTimeoutMiddleware',
 'scrapy.downloadermiddlewares.defaultheaders.DefaultHeadersMiddleware',
 'scrapy.downloadermiddlewares.useragent.UserAgentMiddleware',
 'scrapy.downloadermiddlewares.redirect.MetaRefreshMiddleware',
 'scrapy.downloadermiddlewares.httpcompression.HttpCompressionMiddleware',
 'scrapy.downloadermiddlewares.httpproxy.HttpProxyMiddleware',
 'scrapy.downloadermiddlewares.stats.DownloaderStats']
2018-11-27 18:02:51 [scrapy.middleware] INFO: Enabled spider middlewares:
['scrapy.spidermiddlewares.httperror.HttpErrorMiddleware',
 'scrapy.spidermiddlewares.offsite.OffsiteMiddleware',
 'scrapy.spidermiddlewares.referer.RefererMiddleware',
 'scrapy.spidermiddlewares.urllength.UrlLengthMiddleware',
 'scrapy.spidermiddlewares.depth.DepthMiddleware']
2018-11-27 18:02:51 [scrapy.middleware] INFO: Enabled item pipelines:
['Wenshu.pipelines.WenshuPipeline']
2018-11-27 18:02:51 [scrapy.core.engine] INFO: Spider opened
2018-11-27 18:02:51 [scrapy.extensions.logstats] INFO: Crawled 0 pages (at 0 pages/min), scraped 0 items (at 0 items/min)
2018-11-27 18:06:47 [scrapy.utils.log] INFO: Scrapy 1.5.0 started (bot: Wenshu)
2018-11-27 18:06:47 [scrapy.utils.log] INFO: Versions: lxml 4.2.5.0, libxml2 2.9.5, cssselect 1.0.3, parsel 1.5.1, w3lib 1.19.0, Twisted 18.9.0, Python 3.6.0 (v3.6.0:41df79263a11, Dec 23 2016, 08:06:12) [MSC v.1900 64 bit (AMD64)], pyOpenSSL 18.0.0 (OpenSSL 1.1.0i  14 Aug 2018), cryptography 2.4.1, Platform Windows-10-10.0.17134-SP0
2018-11-27 18:06:47 [scrapy.crawler] INFO: Overridden settings: {'BOT_NAME': 'Wenshu', 'CONCURRENT_REQUESTS_PER_DOMAIN': 1000000, 'COOKIES_ENABLED': False, 'DOWNLOAD_TIMEOUT': 8, 'FEED_FORMAT': 'json', 'FEED_URI': 'items.json', 'LOG_FILE': 'Wenshu_2018-11-27.log', 'LOG_LEVEL': 'INFO', 'NEWSPIDER_MODULE': 'Wenshu.spiders', 'REDIRECT_ENABLED': False, 'RETRY_TIMES': 3, 'SPIDER_MODULES': ['Wenshu.spiders']}
2018-11-27 18:06:47 [scrapy.middleware] INFO: Enabled extensions:
['scrapy.extensions.corestats.CoreStats',
 'scrapy.extensions.telnet.TelnetConsole',
 'scrapy.extensions.feedexport.FeedExporter',
 'scrapy.extensions.logstats.LogStats']
2018-11-27 18:06:48 [scrapy.middleware] INFO: Enabled downloader middlewares:
['Wenshu.middlewares.RandomUserAgentMiddleware',
 'scrapy.downloadermiddlewares.retry.RetryMiddleware',
 'Wenshu.middlewares.Vjkl5Middleware',
 'scrapy.downloadermiddlewares.httpauth.HttpAuthMiddleware',
 'Wenshu.middlewares.ProxyMiddleware',
 'scrapy.downloadermiddlewares.downloadtimeout.DownloadTimeoutMiddleware',
 'scrapy.downloadermiddlewares.defaultheaders.DefaultHeadersMiddleware',
 'scrapy.downloadermiddlewares.useragent.UserAgentMiddleware',
 'scrapy.downloadermiddlewares.redirect.MetaRefreshMiddleware',
 'scrapy.downloadermiddlewares.httpcompression.HttpCompressionMiddleware',
 'scrapy.downloadermiddlewares.httpproxy.HttpProxyMiddleware',
 'scrapy.downloadermiddlewares.stats.DownloaderStats']
2018-11-27 18:06:48 [scrapy.middleware] INFO: Enabled spider middlewares:
['scrapy.spidermiddlewares.httperror.HttpErrorMiddleware',
 'scrapy.spidermiddlewares.offsite.OffsiteMiddleware',
 'scrapy.spidermiddlewares.referer.RefererMiddleware',
 'scrapy.spidermiddlewares.urllength.UrlLengthMiddleware',
 'scrapy.spidermiddlewares.depth.DepthMiddleware']
2018-11-27 18:06:48 [scrapy.middleware] INFO: Enabled item pipelines:
['Wenshu.pipelines.WenshuPipeline']
2018-11-27 18:06:48 [scrapy.core.engine] INFO: Spider opened
2018-11-27 18:06:48 [scrapy.extensions.logstats] INFO: Crawled 0 pages (at 0 pages/min), scraped 0 items (at 0 items/min)
2018-11-27 18:07:08 [scrapy.core.scraper] ERROR: Spider must return Request, BaseItem, dict or None, got 'generator' in <POST http://wenshu.court.gov.cn/List/ListContent>
2018-11-27 18:07:08 [scrapy.core.engine] INFO: Closing spider (finished)
2018-11-27 18:07:08 [scrapy.statscollectors] INFO: Dumping Scrapy stats:
{'downloader/exception_count': 2,
 'downloader/exception_type_count/twisted.internet.error.TimeoutError': 2,
 'downloader/request_bytes': 2342,
 'downloader/request_count': 4,
 'downloader/request_method_count/GET': 1,
 'downloader/request_method_count/POST': 3,
 'downloader/response_bytes': 6746,
 'downloader/response_count': 2,
 'downloader/response_status_count/200': 2,
 'finish_reason': 'finished',
 'finish_time': datetime.datetime(2018, 11, 27, 10, 7, 8, 238160),
 'log_count/ERROR': 1,
 'log_count/INFO': 7,
 'request_depth_max': 1,
 'response_received_count': 2,
 'scheduler/dequeued': 4,
 'scheduler/dequeued/memory': 4,
 'scheduler/enqueued': 4,
 'scheduler/enqueued/memory': 4,
 'start_time': datetime.datetime(2018, 11, 27, 10, 6, 48, 208715)}
2018-11-27 18:07:08 [scrapy.core.engine] INFO: Spider closed (finished)
2018-11-27 18:09:10 [scrapy.utils.log] INFO: Scrapy 1.5.0 started (bot: Wenshu)
2018-11-27 18:09:10 [scrapy.utils.log] INFO: Versions: lxml 4.2.5.0, libxml2 2.9.5, cssselect 1.0.3, parsel 1.5.1, w3lib 1.19.0, Twisted 18.9.0, Python 3.6.0 (v3.6.0:41df79263a11, Dec 23 2016, 08:06:12) [MSC v.1900 64 bit (AMD64)], pyOpenSSL 18.0.0 (OpenSSL 1.1.0i  14 Aug 2018), cryptography 2.4.1, Platform Windows-10-10.0.17134-SP0
2018-11-27 18:09:10 [scrapy.crawler] INFO: Overridden settings: {'BOT_NAME': 'Wenshu', 'CONCURRENT_REQUESTS_PER_DOMAIN': 1000000, 'COOKIES_ENABLED': False, 'DOWNLOAD_TIMEOUT': 8, 'FEED_FORMAT': 'json', 'FEED_URI': 'items.json', 'LOG_FILE': 'Wenshu_2018-11-27.log', 'LOG_LEVEL': 'INFO', 'NEWSPIDER_MODULE': 'Wenshu.spiders', 'REDIRECT_ENABLED': False, 'RETRY_TIMES': 3, 'SPIDER_MODULES': ['Wenshu.spiders']}
2018-11-27 18:09:10 [scrapy.middleware] INFO: Enabled extensions:
['scrapy.extensions.corestats.CoreStats',
 'scrapy.extensions.telnet.TelnetConsole',
 'scrapy.extensions.feedexport.FeedExporter',
 'scrapy.extensions.logstats.LogStats']
2018-11-27 18:09:11 [scrapy.middleware] INFO: Enabled downloader middlewares:
['Wenshu.middlewares.RandomUserAgentMiddleware',
 'scrapy.downloadermiddlewares.retry.RetryMiddleware',
 'Wenshu.middlewares.Vjkl5Middleware',
 'scrapy.downloadermiddlewares.httpauth.HttpAuthMiddleware',
 'Wenshu.middlewares.ProxyMiddleware',
 'scrapy.downloadermiddlewares.downloadtimeout.DownloadTimeoutMiddleware',
 'scrapy.downloadermiddlewares.defaultheaders.DefaultHeadersMiddleware',
 'scrapy.downloadermiddlewares.useragent.UserAgentMiddleware',
 'scrapy.downloadermiddlewares.redirect.MetaRefreshMiddleware',
 'scrapy.downloadermiddlewares.httpcompression.HttpCompressionMiddleware',
 'scrapy.downloadermiddlewares.httpproxy.HttpProxyMiddleware',
 'scrapy.downloadermiddlewares.stats.DownloaderStats']
2018-11-27 18:09:11 [scrapy.middleware] INFO: Enabled spider middlewares:
['scrapy.spidermiddlewares.httperror.HttpErrorMiddleware',
 'scrapy.spidermiddlewares.offsite.OffsiteMiddleware',
 'scrapy.spidermiddlewares.referer.RefererMiddleware',
 'scrapy.spidermiddlewares.urllength.UrlLengthMiddleware',
 'scrapy.spidermiddlewares.depth.DepthMiddleware']
2018-11-27 18:09:11 [scrapy.middleware] INFO: Enabled item pipelines:
['Wenshu.pipelines.WenshuPipeline']
2018-11-27 18:09:11 [scrapy.core.engine] INFO: Spider opened
2018-11-27 18:09:11 [scrapy.extensions.logstats] INFO: Crawled 0 pages (at 0 pages/min), scraped 0 items (at 0 items/min)
2018-11-27 18:09:17 [scrapy.core.engine] INFO: Closing spider (finished)
2018-11-27 18:09:17 [scrapy.statscollectors] INFO: Dumping Scrapy stats:
{'downloader/request_bytes': 1986,
 'downloader/request_count': 4,
 'downloader/request_method_count/GET': 2,
 'downloader/request_method_count/POST': 2,
 'downloader/response_bytes': 7399,
 'downloader/response_count': 4,
 'downloader/response_status_count/200': 2,
 'downloader/response_status_count/503': 2,
 'finish_reason': 'finished',
 'finish_time': datetime.datetime(2018, 11, 27, 10, 9, 17, 940691),
 'log_count/INFO': 7,
 'request_depth_max': 1,
 'response_received_count': 2,
 'scheduler/dequeued': 4,
 'scheduler/dequeued/memory': 4,
 'scheduler/enqueued': 4,
 'scheduler/enqueued/memory': 4,
 'start_time': datetime.datetime(2018, 11, 27, 10, 9, 11, 314070)}
2018-11-27 18:09:17 [scrapy.core.engine] INFO: Spider closed (finished)
2018-11-27 18:11:09 [scrapy.utils.log] INFO: Scrapy 1.5.0 started (bot: Wenshu)
2018-11-27 18:11:09 [scrapy.utils.log] INFO: Versions: lxml 4.2.5.0, libxml2 2.9.5, cssselect 1.0.3, parsel 1.5.1, w3lib 1.19.0, Twisted 18.9.0, Python 3.6.0 (v3.6.0:41df79263a11, Dec 23 2016, 08:06:12) [MSC v.1900 64 bit (AMD64)], pyOpenSSL 18.0.0 (OpenSSL 1.1.0i  14 Aug 2018), cryptography 2.4.1, Platform Windows-10-10.0.17134-SP0
2018-11-27 18:11:09 [scrapy.crawler] INFO: Overridden settings: {'BOT_NAME': 'Wenshu', 'CONCURRENT_REQUESTS_PER_DOMAIN': 1000000, 'COOKIES_ENABLED': False, 'DOWNLOAD_TIMEOUT': 8, 'FEED_FORMAT': 'json', 'FEED_URI': 'items.json', 'LOG_FILE': 'Wenshu_2018-11-27.log', 'LOG_LEVEL': 'INFO', 'NEWSPIDER_MODULE': 'Wenshu.spiders', 'REDIRECT_ENABLED': False, 'RETRY_TIMES': 3, 'SPIDER_MODULES': ['Wenshu.spiders']}
2018-11-27 18:11:09 [scrapy.middleware] INFO: Enabled extensions:
['scrapy.extensions.corestats.CoreStats',
 'scrapy.extensions.telnet.TelnetConsole',
 'scrapy.extensions.feedexport.FeedExporter',
 'scrapy.extensions.logstats.LogStats']
2018-11-27 18:11:09 [scrapy.middleware] INFO: Enabled downloader middlewares:
['Wenshu.middlewares.RandomUserAgentMiddleware',
 'scrapy.downloadermiddlewares.retry.RetryMiddleware',
 'Wenshu.middlewares.Vjkl5Middleware',
 'scrapy.downloadermiddlewares.httpauth.HttpAuthMiddleware',
 'Wenshu.middlewares.ProxyMiddleware',
 'scrapy.downloadermiddlewares.downloadtimeout.DownloadTimeoutMiddleware',
 'scrapy.downloadermiddlewares.defaultheaders.DefaultHeadersMiddleware',
 'scrapy.downloadermiddlewares.useragent.UserAgentMiddleware',
 'scrapy.downloadermiddlewares.redirect.MetaRefreshMiddleware',
 'scrapy.downloadermiddlewares.httpcompression.HttpCompressionMiddleware',
 'scrapy.downloadermiddlewares.httpproxy.HttpProxyMiddleware',
 'scrapy.downloadermiddlewares.stats.DownloaderStats']
2018-11-27 18:11:09 [scrapy.middleware] INFO: Enabled spider middlewares:
['scrapy.spidermiddlewares.httperror.HttpErrorMiddleware',
 'scrapy.spidermiddlewares.offsite.OffsiteMiddleware',
 'scrapy.spidermiddlewares.referer.RefererMiddleware',
 'scrapy.spidermiddlewares.urllength.UrlLengthMiddleware',
 'scrapy.spidermiddlewares.depth.DepthMiddleware']
2018-11-27 18:11:09 [scrapy.middleware] INFO: Enabled item pipelines:
['Wenshu.pipelines.WenshuPipeline']
2018-11-27 18:11:09 [scrapy.core.engine] INFO: Spider opened
2018-11-27 18:11:09 [scrapy.extensions.logstats] INFO: Crawled 0 pages (at 0 pages/min), scraped 0 items (at 0 items/min)
2018-11-27 18:11:21 [scrapy.core.scraper] ERROR: Spider must return Request, BaseItem, dict or None, got 'generator' in <POST http://wenshu.court.gov.cn/List/ListContent>
2018-11-27 18:11:21 [scrapy.core.engine] INFO: Closing spider (finished)
2018-11-27 18:11:21 [scrapy.statscollectors] INFO: Dumping Scrapy stats:
{'downloader/exception_count': 1,
 'downloader/exception_type_count/twisted.internet.error.ConnectionRefusedError': 1,
 'downloader/request_bytes': 3702,
 'downloader/request_count': 6,
 'downloader/request_method_count/GET': 1,
 'downloader/request_method_count/POST': 5,
 'downloader/response_bytes': 7794,
 'downloader/response_count': 5,
 'downloader/response_status_count/200': 2,
 'downloader/response_status_count/503': 3,
 'finish_reason': 'finished',
 'finish_time': datetime.datetime(2018, 11, 27, 10, 11, 21, 925827),
 'log_count/ERROR': 1,
 'log_count/INFO': 7,
 'request_depth_max': 1,
 'response_received_count': 2,
 'scheduler/dequeued': 6,
 'scheduler/dequeued/memory': 6,
 'scheduler/enqueued': 6,
 'scheduler/enqueued/memory': 6,
 'start_time': datetime.datetime(2018, 11, 27, 10, 11, 9, 892187)}
2018-11-27 18:11:21 [scrapy.core.engine] INFO: Spider closed (finished)
2018-11-27 18:12:59 [scrapy.utils.log] INFO: Scrapy 1.5.0 started (bot: Wenshu)
2018-11-27 18:12:59 [scrapy.utils.log] INFO: Versions: lxml 4.2.5.0, libxml2 2.9.5, cssselect 1.0.3, parsel 1.5.1, w3lib 1.19.0, Twisted 18.9.0, Python 3.6.0 (v3.6.0:41df79263a11, Dec 23 2016, 08:06:12) [MSC v.1900 64 bit (AMD64)], pyOpenSSL 18.0.0 (OpenSSL 1.1.0i  14 Aug 2018), cryptography 2.4.1, Platform Windows-10-10.0.17134-SP0
2018-11-27 18:12:59 [scrapy.crawler] INFO: Overridden settings: {'BOT_NAME': 'Wenshu', 'CONCURRENT_REQUESTS_PER_DOMAIN': 1000000, 'COOKIES_ENABLED': False, 'DOWNLOAD_TIMEOUT': 8, 'FEED_FORMAT': 'json', 'FEED_URI': 'items.json', 'LOG_FILE': 'Wenshu_2018-11-27.log', 'LOG_LEVEL': 'INFO', 'NEWSPIDER_MODULE': 'Wenshu.spiders', 'REDIRECT_ENABLED': False, 'RETRY_TIMES': 3, 'SPIDER_MODULES': ['Wenshu.spiders']}
2018-11-27 18:12:59 [scrapy.middleware] INFO: Enabled extensions:
['scrapy.extensions.corestats.CoreStats',
 'scrapy.extensions.telnet.TelnetConsole',
 'scrapy.extensions.feedexport.FeedExporter',
 'scrapy.extensions.logstats.LogStats']
2018-11-27 18:13:00 [scrapy.middleware] INFO: Enabled downloader middlewares:
['Wenshu.middlewares.RandomUserAgentMiddleware',
 'scrapy.downloadermiddlewares.retry.RetryMiddleware',
 'Wenshu.middlewares.Vjkl5Middleware',
 'scrapy.downloadermiddlewares.httpauth.HttpAuthMiddleware',
 'Wenshu.middlewares.ProxyMiddleware',
 'scrapy.downloadermiddlewares.downloadtimeout.DownloadTimeoutMiddleware',
 'scrapy.downloadermiddlewares.defaultheaders.DefaultHeadersMiddleware',
 'scrapy.downloadermiddlewares.useragent.UserAgentMiddleware',
 'scrapy.downloadermiddlewares.redirect.MetaRefreshMiddleware',
 'scrapy.downloadermiddlewares.httpcompression.HttpCompressionMiddleware',
 'scrapy.downloadermiddlewares.httpproxy.HttpProxyMiddleware',
 'scrapy.downloadermiddlewares.stats.DownloaderStats']
2018-11-27 18:13:00 [scrapy.middleware] INFO: Enabled spider middlewares:
['scrapy.spidermiddlewares.httperror.HttpErrorMiddleware',
 'scrapy.spidermiddlewares.offsite.OffsiteMiddleware',
 'scrapy.spidermiddlewares.referer.RefererMiddleware',
 'scrapy.spidermiddlewares.urllength.UrlLengthMiddleware',
 'scrapy.spidermiddlewares.depth.DepthMiddleware']
2018-11-27 18:13:00 [scrapy.middleware] INFO: Enabled item pipelines:
['Wenshu.pipelines.WenshuPipeline']
2018-11-27 18:13:00 [scrapy.core.engine] INFO: Spider opened
2018-11-27 18:13:00 [scrapy.extensions.logstats] INFO: Crawled 0 pages (at 0 pages/min), scraped 0 items (at 0 items/min)
2018-11-27 18:13:14 [scrapy.core.engine] INFO: Closing spider (finished)
2018-11-27 18:13:14 [scrapy.extensions.feedexport] INFO: Stored json feed (3 items) in: items.json
2018-11-27 18:13:14 [scrapy.statscollectors] INFO: Dumping Scrapy stats:
{'downloader/exception_count': 1,
 'downloader/exception_type_count/twisted.internet.error.TimeoutError': 1,
 'downloader/request_bytes': 1713,
 'downloader/request_count': 3,
 'downloader/request_method_count/GET': 1,
 'downloader/request_method_count/POST': 2,
 'downloader/response_bytes': 6746,
 'downloader/response_count': 2,
 'downloader/response_status_count/200': 2,
 'finish_reason': 'finished',
 'finish_time': datetime.datetime(2018, 11, 27, 10, 13, 14, 753002),
 'item_scraped_count': 3,
 'log_count/INFO': 8,
 'request_depth_max': 1,
 'response_received_count': 2,
 'scheduler/dequeued': 3,
 'scheduler/dequeued/memory': 3,
 'scheduler/enqueued': 3,
 'scheduler/enqueued/memory': 3,
 'start_time': datetime.datetime(2018, 11, 27, 10, 13, 0, 380530)}
2018-11-27 18:13:14 [scrapy.core.engine] INFO: Spider closed (finished)
2018-11-27 18:17:34 [scrapy.utils.log] INFO: Scrapy 1.5.0 started (bot: Wenshu)
2018-11-27 18:17:34 [scrapy.utils.log] INFO: Versions: lxml 4.2.5.0, libxml2 2.9.5, cssselect 1.0.3, parsel 1.5.1, w3lib 1.19.0, Twisted 18.9.0, Python 3.6.0 (v3.6.0:41df79263a11, Dec 23 2016, 08:06:12) [MSC v.1900 64 bit (AMD64)], pyOpenSSL 18.0.0 (OpenSSL 1.1.0i  14 Aug 2018), cryptography 2.4.1, Platform Windows-10-10.0.17134-SP0
2018-11-27 18:17:34 [scrapy.crawler] INFO: Overridden settings: {'BOT_NAME': 'Wenshu', 'CONCURRENT_REQUESTS_PER_DOMAIN': 1000000, 'COOKIES_ENABLED': False, 'DOWNLOAD_TIMEOUT': 8, 'FEED_FORMAT': 'json', 'FEED_URI': 'items.json', 'LOG_FILE': 'Wenshu_2018-11-27.log', 'LOG_LEVEL': 'INFO', 'NEWSPIDER_MODULE': 'Wenshu.spiders', 'REDIRECT_ENABLED': False, 'RETRY_TIMES': 3, 'SPIDER_MODULES': ['Wenshu.spiders']}
2018-11-27 18:17:34 [scrapy.middleware] INFO: Enabled extensions:
['scrapy.extensions.corestats.CoreStats',
 'scrapy.extensions.telnet.TelnetConsole',
 'scrapy.extensions.feedexport.FeedExporter',
 'scrapy.extensions.logstats.LogStats']
2018-11-27 18:17:34 [scrapy.middleware] INFO: Enabled downloader middlewares:
['Wenshu.middlewares.RandomUserAgentMiddleware',
 'scrapy.downloadermiddlewares.retry.RetryMiddleware',
 'Wenshu.middlewares.Vjkl5Middleware',
 'scrapy.downloadermiddlewares.httpauth.HttpAuthMiddleware',
 'Wenshu.middlewares.ProxyMiddleware',
 'scrapy.downloadermiddlewares.downloadtimeout.DownloadTimeoutMiddleware',
 'scrapy.downloadermiddlewares.defaultheaders.DefaultHeadersMiddleware',
 'scrapy.downloadermiddlewares.useragent.UserAgentMiddleware',
 'scrapy.downloadermiddlewares.redirect.MetaRefreshMiddleware',
 'scrapy.downloadermiddlewares.httpcompression.HttpCompressionMiddleware',
 'scrapy.downloadermiddlewares.httpproxy.HttpProxyMiddleware',
 'scrapy.downloadermiddlewares.stats.DownloaderStats']
2018-11-27 18:17:34 [scrapy.middleware] INFO: Enabled spider middlewares:
['scrapy.spidermiddlewares.httperror.HttpErrorMiddleware',
 'scrapy.spidermiddlewares.offsite.OffsiteMiddleware',
 'scrapy.spidermiddlewares.referer.RefererMiddleware',
 'scrapy.spidermiddlewares.urllength.UrlLengthMiddleware',
 'scrapy.spidermiddlewares.depth.DepthMiddleware']
2018-11-27 18:17:34 [scrapy.middleware] INFO: Enabled item pipelines:
['Wenshu.pipelines.WenshuPipeline']
2018-11-27 18:17:34 [scrapy.core.engine] INFO: Spider opened
2018-11-27 18:17:34 [scrapy.extensions.logstats] INFO: Crawled 0 pages (at 0 pages/min), scraped 0 items (at 0 items/min)
2018-11-27 18:18:01 [scrapy.core.engine] INFO: Closing spider (finished)
2018-11-27 18:18:01 [scrapy.extensions.feedexport] INFO: Stored json feed (3 items) in: items.json
2018-11-27 18:18:01 [scrapy.statscollectors] INFO: Dumping Scrapy stats:
{'downloader/exception_count': 6,
 'downloader/exception_type_count/requests.exceptions.ConnectionError': 6,
 'downloader/request_bytes': 909,
 'downloader/request_count': 2,
 'downloader/request_method_count/GET': 1,
 'downloader/request_method_count/POST': 1,
 'downloader/response_bytes': 6747,
 'downloader/response_count': 2,
 'downloader/response_status_count/200': 2,
 'finish_reason': 'finished',
 'finish_time': datetime.datetime(2018, 11, 27, 10, 18, 1, 518551),
 'item_scraped_count': 3,
 'log_count/INFO': 8,
 'request_depth_max': 1,
 'response_received_count': 2,
 'scheduler/dequeued': 8,
 'scheduler/dequeued/memory': 8,
 'scheduler/enqueued': 8,
 'scheduler/enqueued/memory': 8,
 'start_time': datetime.datetime(2018, 11, 27, 10, 17, 34, 613609)}
2018-11-27 18:18:01 [scrapy.core.engine] INFO: Spider closed (finished)
2018-11-27 18:19:35 [scrapy.utils.log] INFO: Scrapy 1.5.0 started (bot: Wenshu)
2018-11-27 18:19:35 [scrapy.utils.log] INFO: Versions: lxml 4.2.5.0, libxml2 2.9.5, cssselect 1.0.3, parsel 1.5.1, w3lib 1.19.0, Twisted 18.9.0, Python 3.6.0 (v3.6.0:41df79263a11, Dec 23 2016, 08:06:12) [MSC v.1900 64 bit (AMD64)], pyOpenSSL 18.0.0 (OpenSSL 1.1.0i  14 Aug 2018), cryptography 2.4.1, Platform Windows-10-10.0.17134-SP0
2018-11-27 18:19:35 [scrapy.crawler] INFO: Overridden settings: {'BOT_NAME': 'Wenshu', 'CONCURRENT_REQUESTS_PER_DOMAIN': 1000000, 'COOKIES_ENABLED': False, 'DOWNLOAD_TIMEOUT': 8, 'FEED_FORMAT': 'json', 'FEED_URI': 'items.json', 'LOG_FILE': 'Wenshu_2018-11-27.log', 'LOG_LEVEL': 'INFO', 'NEWSPIDER_MODULE': 'Wenshu.spiders', 'REDIRECT_ENABLED': False, 'RETRY_TIMES': 3, 'SPIDER_MODULES': ['Wenshu.spiders']}
2018-11-27 18:19:35 [scrapy.middleware] INFO: Enabled extensions:
['scrapy.extensions.corestats.CoreStats',
 'scrapy.extensions.telnet.TelnetConsole',
 'scrapy.extensions.feedexport.FeedExporter',
 'scrapy.extensions.logstats.LogStats']
2018-11-27 18:19:35 [scrapy.middleware] INFO: Enabled downloader middlewares:
['Wenshu.middlewares.RandomUserAgentMiddleware',
 'scrapy.downloadermiddlewares.retry.RetryMiddleware',
 'Wenshu.middlewares.Vjkl5Middleware',
 'scrapy.downloadermiddlewares.httpauth.HttpAuthMiddleware',
 'Wenshu.middlewares.ProxyMiddleware',
 'scrapy.downloadermiddlewares.downloadtimeout.DownloadTimeoutMiddleware',
 'scrapy.downloadermiddlewares.defaultheaders.DefaultHeadersMiddleware',
 'scrapy.downloadermiddlewares.useragent.UserAgentMiddleware',
 'scrapy.downloadermiddlewares.redirect.MetaRefreshMiddleware',
 'scrapy.downloadermiddlewares.httpcompression.HttpCompressionMiddleware',
 'scrapy.downloadermiddlewares.httpproxy.HttpProxyMiddleware',
 'scrapy.downloadermiddlewares.stats.DownloaderStats']
2018-11-27 18:19:35 [scrapy.middleware] INFO: Enabled spider middlewares:
['scrapy.spidermiddlewares.httperror.HttpErrorMiddleware',
 'scrapy.spidermiddlewares.offsite.OffsiteMiddleware',
 'scrapy.spidermiddlewares.referer.RefererMiddleware',
 'scrapy.spidermiddlewares.urllength.UrlLengthMiddleware',
 'scrapy.spidermiddlewares.depth.DepthMiddleware']
2018-11-27 18:19:35 [scrapy.middleware] INFO: Enabled item pipelines:
['Wenshu.pipelines.WenshuPipeline']
2018-11-27 18:19:35 [scrapy.core.engine] INFO: Spider opened
2018-11-27 18:19:35 [scrapy.extensions.logstats] INFO: Crawled 0 pages (at 0 pages/min), scraped 0 items (at 0 items/min)
2018-11-27 18:19:58 [scrapy.core.engine] INFO: Closing spider (finished)
2018-11-27 18:19:58 [scrapy.statscollectors] INFO: Dumping Scrapy stats:
{'downloader/exception_count': 2,
 'downloader/exception_type_count/twisted.internet.error.TimeoutError': 2,
 'downloader/request_bytes': 1539,
 'downloader/request_count': 5,
 'downloader/request_method_count/GET': 4,
 'downloader/request_method_count/POST': 1,
 'downloader/response_bytes': 16500,
 'downloader/response_count': 3,
 'downloader/response_status_count/200': 2,
 'downloader/response_status_count/503': 1,
 'finish_reason': 'finished',
 'finish_time': datetime.datetime(2018, 11, 27, 10, 19, 58, 382163),
 'log_count/INFO': 7,
 'request_depth_max': 1,
 'response_received_count': 2,
 'scheduler/dequeued': 5,
 'scheduler/dequeued/memory': 5,
 'scheduler/enqueued': 5,
 'scheduler/enqueued/memory': 5,
 'start_time': datetime.datetime(2018, 11, 27, 10, 19, 35, 911903)}
2018-11-27 18:19:58 [scrapy.core.engine] INFO: Spider closed (finished)
